<?xml version="1.0" encoding="UTF-8"?>
<!-- Generated by org.testng.reporters.JUnitReportReporter -->
<testsuite hostname="LAPTOP-O7F1M58Q" failures="0" tests="1" name="com.testng1.example1" time="0.023" errors="0" timestamp="2022-08-20T07:17:31 CDT" skipped="0">
  <testcase classname="com.testng1.example1" name="test1" time="0.023"/>
  <system-out/>
</testsuite> <!-- com.testng1.example1 -->
